{"level":"info","message":"Please enter a valid command"}
{"level":"info","message":"Please enter a valid command"}
{"level":"info","message":"Please enter a valid command"}
{"level":"info","message":"Please enter a valid command"}
{"level":"info","message":"Please enter a valid command"}
{"level":"info","message":"Please enter a valid command"}
{"level":"info","message":"Please enter a valid command"}
{"level":"info","message":"Please enter a valid command"}
{"level":"info","message":"Please enter a valid command"}
{"level":"info","message":"Please enter a valid command"}
{"level":"info","message":"Please enter a valid command"}
{"level":"info","message":"Please enter a valid command"}
{"level":"info","message":"Please enter a valid command"}
{"level":"info","message":"Please enter a valid command"}
{"level":"info","message":"Please enter a valid command"}
{"level":"info","message":"Please enter a valid command","timestamp":"2018-11-15T16:36:18.011Z"}
{"level":"info","message":"Please enter a valid command","timestamp":"2018-11-15T16:36:18.034Z"}
{"level":"info","message":"Please enter a valid command","timestamp":"2018-11-15T16:36:18.044Z"}
{"level":"info","message":"Please enter a valid command","timestamp":"2018-11-15T16:36:18.051Z"}
{"level":"info","message":"Please enter a valid command","timestamp":"2018-11-15T16:36:18.056Z"}
{"level":"info","message":"Please enter a valid command","timestamp":"2018-11-15T16:52:18.532Z"}
{"level":"info","message":"Please enter a valid command","timestamp":"2018-11-15T16:52:18.552Z"}
{"level":"info","message":"Please enter a valid command","timestamp":"2018-11-15T16:52:18.564Z"}
{"level":"info","message":"Please enter a valid command","timestamp":"2018-11-15T16:52:18.569Z"}
{"level":"info","message":"Please enter a valid command","timestamp":"2018-11-15T16:52:18.576Z"}
{"level":"info","message":"Please enter a valid command","timestamp":"2018-11-15T16:53:38.310Z"}
{"level":"info","message":"Please enter a valid command","timestamp":"2018-11-15T16:53:38.328Z"}
{"level":"info","message":"Please enter a valid command","timestamp":"2018-11-15T16:53:38.333Z"}
{"level":"info","message":"Please enter a valid command","timestamp":"2018-11-15T16:53:38.341Z"}
{"level":"info","message":"Please enter a valid command","timestamp":"2018-11-15T16:53:38.349Z"}
{"level":"info","message":"Please enter a valid command","timestamp":"2018-11-15T16:54:33.779Z"}
{"level":"info","message":"Please enter a valid command","timestamp":"2018-11-15T16:54:33.806Z"}
{"level":"info","message":"Please enter a valid command","timestamp":"2018-11-15T16:54:33.816Z"}
{"level":"info","message":"Please enter a valid command","timestamp":"2018-11-15T16:54:33.821Z"}
{"level":"info","message":"Please enter a valid command","timestamp":"2018-11-15T16:54:33.828Z"}
{"level":"info","message":"Please enter a valid command","timestamp":"2018-11-15T16:54:33.837Z"}
{"level":"info","message":"Please enter a valid command","timestamp":"2018-11-15T16:59:42.274Z"}
{"level":"info","message":"Please enter a valid command","timestamp":"2018-11-15T16:59:42.292Z"}
{"level":"info","message":"Please enter a valid command","timestamp":"2018-11-15T16:59:42.299Z"}
{"level":"info","message":"Please enter a valid command","timestamp":"2018-11-15T16:59:42.306Z"}
{"level":"info","message":"Please enter a valid command","timestamp":"2018-11-15T16:59:42.315Z"}
{"level":"info","message":"Please enter a valid command","timestamp":"2018-11-15T16:59:42.323Z"}
{"level":"info","message":"Please enter a valid command","timestamp":"2018-11-15T17:00:00.088Z"}
{"level":"info","message":"Please enter a valid command","timestamp":"2018-11-15T17:00:00.107Z"}
{"level":"info","message":"Please enter a valid command","timestamp":"2018-11-15T17:00:00.115Z"}
{"level":"info","message":"Please enter a valid command","timestamp":"2018-11-15T17:00:00.125Z"}
{"level":"info","message":"Please enter a valid command","timestamp":"2018-11-15T17:00:00.134Z"}
{"level":"info","message":"Please enter a valid command","timestamp":"2018-11-15T17:00:00.145Z"}
{"level":"info","message":"Please enter a valid command","timestamp":"2018-11-15T17:05:07.603Z"}
{"level":"info","message":"Please enter a valid command","timestamp":"2018-11-15T17:05:07.626Z"}
{"level":"info","message":"Please enter a valid command","timestamp":"2018-11-15T17:05:07.634Z"}
{"level":"info","message":"Please enter a valid command","timestamp":"2018-11-15T17:05:07.643Z"}
{"level":"info","message":"Please enter a valid command","timestamp":"2018-11-15T17:05:07.653Z"}
{"level":"info","message":"Please enter a valid command","timestamp":"2018-11-15T17:05:07.662Z"}
{"level":"info","message":"Please enter a valid command","timestamp":"2018-11-15T17:05:07.672Z"}
{"level":"info","message":"Please enter a valid command","timestamp":"2018-11-15T17:05:07.679Z"}
{"level":"info","message":"Please enter a valid command","timestamp":"2018-11-15T17:05:58.320Z"}
{"level":"info","message":"Please enter a valid command","timestamp":"2018-11-15T17:05:58.343Z"}
{"level":"info","message":"Please enter a valid command","timestamp":"2018-11-15T17:05:58.351Z"}
{"level":"info","message":"Please enter a valid command","timestamp":"2018-11-15T17:05:58.357Z"}
{"level":"info","message":"Please enter a valid command","timestamp":"2018-11-15T17:05:58.365Z"}
{"level":"info","message":"Please enter a valid command","timestamp":"2018-11-15T17:05:58.375Z"}
{"level":"info","message":"Please enter a valid command","timestamp":"2018-11-15T17:05:58.384Z"}
{"level":"info","message":"Please enter a valid command","timestamp":"2018-11-15T17:06:56.033Z"}
{"level":"info","message":"Please enter a valid command","timestamp":"2018-11-15T17:06:56.052Z"}
{"level":"info","message":"Please enter a valid command","timestamp":"2018-11-15T17:06:56.059Z"}
{"level":"info","message":"Please enter a valid command","timestamp":"2018-11-15T17:06:56.065Z"}
{"level":"info","message":"Please enter a valid command","timestamp":"2018-11-15T17:06:56.076Z"}
{"level":"info","message":"Please enter a valid command","timestamp":"2018-11-15T17:06:56.084Z"}
{"level":"info","message":"Please enter a valid command","timestamp":"2018-11-15T17:06:56.085Z"}
{"level":"info","message":"Please enter a valid command","timestamp":"2018-11-15T17:06:56.096Z"}
{"level":"info","message":"Please enter a valid command","timestamp":"2018-11-15T17:06:56.096Z"}
{"level":"info","message":"Please enter a valid command","timestamp":"2018-11-15T17:07:41.074Z"}
{"level":"info","message":"Please enter a valid command","timestamp":"2018-11-15T17:07:41.097Z"}
{"level":"info","message":"Please enter a valid command","timestamp":"2018-11-15T17:07:41.105Z"}
{"level":"info","message":"Please enter a valid command","timestamp":"2018-11-15T17:07:41.114Z"}
{"level":"info","message":"Please enter a valid command","timestamp":"2018-11-15T17:07:41.121Z"}
{"level":"info","message":"Please enter a valid command","timestamp":"2018-11-15T17:07:41.130Z"}
{"level":"info","message":"Please enter a valid command","timestamp":"2018-11-15T17:07:41.131Z"}
{"level":"info","message":"Please enter a valid command","timestamp":"2018-11-15T17:07:41.141Z"}
{"level":"info","message":"Please enter a valid command","timestamp":"2018-11-15T17:07:41.141Z"}
{"level":"info","message":"Please enter a valid command","timestamp":"2018-11-15T17:10:20.420Z"}
{"level":"info","message":"Please enter a valid command","timestamp":"2018-11-15T17:10:20.444Z"}
{"level":"info","message":"Please enter a valid command","timestamp":"2018-11-15T17:10:20.453Z"}
{"level":"info","message":"Please enter a valid command","timestamp":"2018-11-15T17:10:20.460Z"}
{"level":"info","message":"Please enter a valid command","timestamp":"2018-11-15T17:10:20.469Z"}
{"level":"info","message":"Please enter a valid command","timestamp":"2018-11-15T17:10:20.480Z"}
{"level":"info","message":"Please enter a valid command","timestamp":"2018-11-15T17:10:20.481Z"}
{"level":"info","message":"Please enter a valid command","timestamp":"2018-11-15T17:10:20.491Z"}
{"level":"info","message":"Please enter a valid command","timestamp":"2018-11-15T17:10:20.492Z"}
{"level":"info","message":"Please enter a valid command","timestamp":"2018-11-15T17:11:16.590Z"}
{"level":"info","message":"Please enter a valid command","timestamp":"2018-11-15T17:11:16.609Z"}
{"level":"info","message":"Please enter a valid command","timestamp":"2018-11-15T17:11:16.618Z"}
{"level":"info","message":"Please enter a valid command","timestamp":"2018-11-15T17:11:16.628Z"}
{"level":"info","message":"Please enter a valid command","timestamp":"2018-11-15T17:11:16.637Z"}
{"level":"info","message":"Please enter a valid command","timestamp":"2018-11-15T17:11:16.649Z"}
{"level":"info","message":"Please enter a valid command","timestamp":"2018-11-15T17:11:16.650Z"}
{"level":"info","message":"Please enter a valid command","timestamp":"2018-11-15T17:11:16.656Z"}
{"level":"info","message":"Please enter a valid command","timestamp":"2018-11-15T17:11:16.656Z"}
{"level":"info","message":"Please enter a valid command","timestamp":"2018-11-15T17:11:16.667Z"}
{"level":"info","message":"Please enter a valid command","timestamp":"2018-11-15T17:11:16.667Z"}
{"level":"info","message":"Please enter a valid command","timestamp":"2018-11-15T17:11:28.223Z"}
{"level":"info","message":"Please enter a valid command","timestamp":"2018-11-15T17:11:28.238Z"}
{"level":"info","message":"Please enter a valid command","timestamp":"2018-11-15T17:11:28.245Z"}
{"level":"info","message":"Please enter a valid command","timestamp":"2018-11-15T17:11:28.255Z"}
{"level":"info","message":"Please enter a valid command","timestamp":"2018-11-15T17:11:28.264Z"}
{"level":"info","message":"Please enter a valid command","timestamp":"2018-11-15T17:11:28.277Z"}
{"level":"info","message":"Please enter a valid command","timestamp":"2018-11-15T17:11:28.277Z"}
{"level":"info","message":"Please enter a valid command","timestamp":"2018-11-15T17:11:28.284Z"}
{"level":"info","message":"Please enter a valid command","timestamp":"2018-11-15T17:11:28.285Z"}
{"level":"info","message":"Please enter a valid command","timestamp":"2018-11-15T17:11:28.293Z"}
{"level":"info","message":"Please enter a valid command","timestamp":"2018-11-15T17:11:28.294Z"}
{"level":"info","message":"Please enter a valid command","timestamp":"2018-11-15T17:12:20.167Z"}
{"level":"info","message":"Please enter a valid command","timestamp":"2018-11-15T17:12:20.191Z"}
{"level":"info","message":"Please enter a valid command","timestamp":"2018-11-15T17:12:20.198Z"}
{"level":"info","message":"Please enter a valid command","timestamp":"2018-11-15T17:12:20.207Z"}
{"level":"info","message":"Please enter a valid command","timestamp":"2018-11-15T17:12:20.217Z"}
{"level":"info","message":"Please enter a valid command","timestamp":"2018-11-15T17:12:20.231Z"}
{"level":"info","message":"Please enter a valid command","timestamp":"2018-11-15T17:12:20.232Z"}
{"level":"info","message":"Please enter a valid command","timestamp":"2018-11-15T17:12:20.241Z"}
{"level":"info","message":"Please enter a valid command","timestamp":"2018-11-15T17:12:20.241Z"}
{"level":"info","message":"Please enter a valid command","timestamp":"2018-11-15T17:12:20.249Z"}
{"level":"info","message":"Please enter a valid command","timestamp":"2018-11-15T17:12:20.249Z"}
{"level":"info","message":"Please enter a valid command","timestamp":"2018-11-15T17:13:03.886Z"}
{"level":"info","message":"Please enter a valid command","timestamp":"2018-11-15T17:13:03.907Z"}
{"level":"info","message":"Please enter a valid command","timestamp":"2018-11-15T17:13:03.919Z"}
{"level":"info","message":"Please enter a valid command","timestamp":"2018-11-15T17:13:03.926Z"}
{"level":"info","message":"Please enter a valid command","timestamp":"2018-11-15T17:13:03.937Z"}
{"level":"info","message":"Please enter a valid command","timestamp":"2018-11-15T17:13:03.954Z"}
{"level":"info","message":"Please enter a valid command","timestamp":"2018-11-15T17:13:03.954Z"}
{"level":"info","message":"Please enter a valid command","timestamp":"2018-11-15T17:13:03.964Z"}
{"level":"info","message":"Please enter a valid command","timestamp":"2018-11-15T17:13:03.964Z"}
{"level":"info","message":"Please enter a valid command","timestamp":"2018-11-15T17:13:03.971Z"}
{"level":"info","message":"Please enter a valid command","timestamp":"2018-11-15T17:13:03.971Z"}
{"level":"info","message":"Please enter a valid command","timestamp":"2018-11-15T17:15:34.923Z"}
{"level":"info","message":"Please enter a valid command","timestamp":"2018-11-15T17:15:34.940Z"}
{"level":"info","message":"Please enter a valid command","timestamp":"2018-11-15T17:15:34.950Z"}
{"level":"info","message":"Please enter a valid command","timestamp":"2018-11-15T17:15:34.959Z"}
{"level":"info","message":"Please enter a valid command","timestamp":"2018-11-15T17:15:34.979Z"}
{"level":"info","message":"Please enter a valid command","timestamp":"2018-11-15T17:15:34.995Z"}
{"level":"info","message":"Please enter a valid command","timestamp":"2018-11-15T17:15:34.995Z"}
{"level":"info","message":"Please enter a valid command","timestamp":"2018-11-15T17:15:35.003Z"}
{"level":"info","message":"Please enter a valid command","timestamp":"2018-11-15T17:15:35.003Z"}
{"level":"info","message":"Please enter a valid command","timestamp":"2018-11-15T17:15:35.013Z"}
{"level":"info","message":"Please enter a valid command","timestamp":"2018-11-15T17:15:35.013Z"}
{"level":"info","message":"Please enter a valid command","timestamp":"2018-11-15T17:17:12.267Z"}
{"level":"info","message":"Please enter a valid command","timestamp":"2018-11-15T17:17:12.286Z"}
{"level":"info","message":"Please enter a valid command","timestamp":"2018-11-15T17:17:12.297Z"}
{"level":"info","message":"Please enter a valid command","timestamp":"2018-11-15T17:17:12.304Z"}
{"level":"info","message":"Please enter a valid command","timestamp":"2018-11-15T17:17:12.314Z"}
{"level":"info","message":"Please enter a valid command","timestamp":"2018-11-15T17:17:12.330Z"}
{"level":"info","message":"Please enter a valid command","timestamp":"2018-11-15T17:17:12.331Z"}
{"level":"info","message":"Please enter a valid command","timestamp":"2018-11-15T17:17:12.337Z"}
{"level":"info","message":"Please enter a valid command","timestamp":"2018-11-15T17:17:12.338Z"}
{"level":"info","message":"Please enter a valid command","timestamp":"2018-11-15T17:17:12.349Z"}
{"level":"info","message":"Please enter a valid command","timestamp":"2018-11-15T17:17:12.350Z"}
{"level":"info","message":"Please enter a valid command","timestamp":"2018-11-15T17:18:08.330Z"}
{"level":"info","message":"Please enter a valid command","timestamp":"2018-11-15T17:18:08.347Z"}
{"level":"info","message":"Please enter a valid command","timestamp":"2018-11-15T17:18:08.355Z"}
{"level":"info","message":"Please enter a valid command","timestamp":"2018-11-15T17:18:08.365Z"}
{"level":"info","message":"Please enter a valid command","timestamp":"2018-11-15T17:18:08.374Z"}
{"level":"info","message":"Please enter a valid command","timestamp":"2018-11-15T17:18:08.384Z"}
{"level":"info","message":"Please enter a valid command","timestamp":"2018-11-15T17:18:08.385Z"}
{"level":"info","message":"Please enter a valid command","timestamp":"2018-11-15T17:18:08.395Z"}
{"level":"info","message":"Please enter a valid command","timestamp":"2018-11-15T17:18:08.396Z"}
{"level":"info","message":"Please enter a valid command","timestamp":"2018-11-15T17:18:08.403Z"}
{"level":"info","message":"Please enter a valid command","timestamp":"2018-11-15T17:18:08.404Z"}
{"level":"info","message":"Please enter a valid command","timestamp":"2018-11-15T17:18:43.977Z"}
{"level":"info","message":"Please enter a valid command","timestamp":"2018-11-15T17:18:43.994Z"}
{"level":"info","message":"Please enter a valid command","timestamp":"2018-11-15T17:18:44.001Z"}
{"level":"info","message":"Please enter a valid command","timestamp":"2018-11-15T17:18:44.011Z"}
{"level":"info","message":"Please enter a valid command","timestamp":"2018-11-15T17:18:44.020Z"}
{"level":"info","message":"Please enter a valid command","timestamp":"2018-11-15T17:18:44.032Z"}
{"level":"info","message":"Please enter a valid command","timestamp":"2018-11-15T17:18:44.032Z"}
{"level":"info","message":"Please enter a valid command","timestamp":"2018-11-15T17:18:44.040Z"}
{"level":"info","message":"Please enter a valid command","timestamp":"2018-11-15T17:18:44.041Z"}
{"level":"info","message":"Please enter a valid command","timestamp":"2018-11-15T17:18:44.048Z"}
{"level":"info","message":"Please enter a valid command","timestamp":"2018-11-15T17:18:44.048Z"}
{"level":"info","message":"Please enter a valid command","timestamp":"2018-11-15T17:18:53.414Z"}
{"level":"info","message":"Please enter a valid command","timestamp":"2018-11-15T17:18:53.436Z"}
{"level":"info","message":"Please enter a valid command","timestamp":"2018-11-15T17:18:53.445Z"}
{"level":"info","message":"Please enter a valid command","timestamp":"2018-11-15T17:18:53.452Z"}
{"level":"info","message":"Please enter a valid command","timestamp":"2018-11-15T17:18:53.460Z"}
{"level":"info","message":"Please enter a valid command","timestamp":"2018-11-15T17:18:53.470Z"}
{"level":"info","message":"Please enter a valid command","timestamp":"2018-11-15T17:18:53.471Z"}
{"level":"info","message":"Please enter a valid command","timestamp":"2018-11-15T17:18:53.478Z"}
{"level":"info","message":"Please enter a valid command","timestamp":"2018-11-15T17:18:53.479Z"}
{"level":"info","message":"Please enter a valid command","timestamp":"2018-11-15T17:18:53.487Z"}
{"level":"info","message":"Please enter a valid command","timestamp":"2018-11-15T17:18:53.488Z"}
{"level":"info","message":"Please enter a valid command","timestamp":"2018-11-15T17:21:20.138Z"}
{"level":"info","message":"Please enter a valid command","timestamp":"2018-11-15T17:21:20.154Z"}
{"level":"info","message":"Please enter a valid command","timestamp":"2018-11-15T17:21:20.161Z"}
{"level":"info","message":"Please enter a valid command","timestamp":"2018-11-15T17:21:20.173Z"}
{"level":"info","message":"Please enter a valid command","timestamp":"2018-11-15T17:21:20.186Z"}
{"level":"info","message":"Please enter a valid command","timestamp":"2018-11-15T17:21:20.199Z"}
{"level":"info","message":"Please enter a valid command","timestamp":"2018-11-15T17:21:20.200Z"}
{"level":"info","message":"Please enter a valid command","timestamp":"2018-11-15T17:21:20.208Z"}
{"level":"info","message":"Please enter a valid command","timestamp":"2018-11-15T17:21:20.208Z"}
{"level":"info","message":"Please enter a valid command","timestamp":"2018-11-15T17:21:20.219Z"}
{"level":"info","message":"Please enter a valid command","timestamp":"2018-11-15T17:21:20.220Z"}
{"level":"info","message":"Please enter a valid command","timestamp":"2018-11-15T17:22:26.019Z"}
{"level":"info","message":"Please enter a valid command","timestamp":"2018-11-15T17:22:26.038Z"}
{"level":"info","message":"Please enter a valid command","timestamp":"2018-11-15T17:22:26.048Z"}
{"level":"info","message":"Please enter a valid command","timestamp":"2018-11-15T17:22:26.056Z"}
{"level":"info","message":"Please enter a valid command","timestamp":"2018-11-15T17:22:26.066Z"}
{"level":"info","message":"Please enter a valid command","timestamp":"2018-11-15T17:22:26.078Z"}
{"level":"info","message":"Please enter a valid command","timestamp":"2018-11-15T17:22:26.079Z"}
{"level":"info","message":"Please enter a valid command","timestamp":"2018-11-15T17:22:26.086Z"}
{"level":"info","message":"Please enter a valid command","timestamp":"2018-11-15T17:22:26.087Z"}
{"level":"info","message":"Please enter a valid command","timestamp":"2018-11-15T17:22:26.095Z"}
{"level":"info","message":"Please enter a valid command","timestamp":"2018-11-15T17:22:26.095Z"}
{"level":"info","message":"Please enter a valid command","timestamp":"2018-11-15T17:23:34.364Z"}
{"level":"info","message":"Please enter a valid command","timestamp":"2018-11-15T17:23:34.386Z"}
{"level":"info","message":"Please enter a valid command","timestamp":"2018-11-15T17:23:34.396Z"}
{"level":"info","message":"Please enter a valid command","timestamp":"2018-11-15T17:23:34.404Z"}
{"level":"info","message":"Please enter a valid command","timestamp":"2018-11-15T17:23:34.414Z"}
{"level":"info","message":"Please enter a valid command","timestamp":"2018-11-15T17:23:34.427Z"}
{"level":"info","message":"Please enter a valid command","timestamp":"2018-11-15T17:23:34.428Z"}
{"level":"info","message":"Please enter a valid command","timestamp":"2018-11-15T17:23:34.436Z"}
{"level":"info","message":"Please enter a valid command","timestamp":"2018-11-15T17:23:34.437Z"}
{"level":"info","message":"Please enter a valid command","timestamp":"2018-11-15T17:23:34.444Z"}
{"level":"info","message":"Please enter a valid command","timestamp":"2018-11-15T17:23:34.444Z"}
{"level":"info","message":"Please enter a valid command","timestamp":"2018-11-15T17:24:52.156Z"}
{"level":"info","message":"Please enter a valid command","timestamp":"2018-11-15T17:24:52.174Z"}
{"level":"info","message":"Please enter a valid command","timestamp":"2018-11-15T17:24:52.186Z"}
{"level":"info","message":"Please enter a valid command","timestamp":"2018-11-15T17:24:52.195Z"}
{"level":"info","message":"Please enter a valid command","timestamp":"2018-11-15T17:24:52.205Z"}
{"level":"info","message":"Please enter a valid command","timestamp":"2018-11-15T17:24:52.219Z"}
{"level":"info","message":"Please enter a valid command","timestamp":"2018-11-15T17:24:52.220Z"}
{"level":"info","message":"Please enter a valid command","timestamp":"2018-11-15T17:24:52.230Z"}
{"level":"info","message":"Please enter a valid command","timestamp":"2018-11-15T17:24:52.233Z"}
{"level":"info","message":"Please enter a valid command","timestamp":"2018-11-15T17:24:52.240Z"}
{"level":"info","message":"Please enter a valid command","timestamp":"2018-11-15T17:24:52.240Z"}
{"level":"info","message":"Please enter a valid command","timestamp":"2018-11-15T17:25:35.299Z"}
{"level":"info","message":"Please enter a valid command","timestamp":"2018-11-15T17:25:35.317Z"}
{"level":"info","message":"Please enter a valid command","timestamp":"2018-11-15T17:25:35.326Z"}
{"level":"info","message":"Please enter a valid command","timestamp":"2018-11-15T17:25:35.335Z"}
{"level":"info","message":"Please enter a valid command","timestamp":"2018-11-15T17:25:35.345Z"}
{"level":"info","message":"Please enter a valid command","timestamp":"2018-11-15T17:25:35.358Z"}
{"level":"info","message":"Please enter a valid command","timestamp":"2018-11-15T17:25:35.358Z"}
{"level":"info","message":"Please enter a valid command","timestamp":"2018-11-15T17:25:35.372Z"}
{"level":"info","message":"Please enter a valid command","timestamp":"2018-11-15T17:25:35.372Z"}
{"level":"info","message":"Please enter a valid command","timestamp":"2018-11-15T17:25:35.381Z"}
{"level":"info","message":"Please enter a valid command","timestamp":"2018-11-15T17:25:35.381Z"}
{"level":"info","message":"Please enter a valid command","timestamp":"2018-11-15T17:25:53.681Z"}
{"level":"info","message":"Please enter a valid command","timestamp":"2018-11-15T17:25:53.698Z"}
{"level":"info","message":"Please enter a valid command","timestamp":"2018-11-15T17:25:53.706Z"}
{"level":"info","message":"Please enter a valid command","timestamp":"2018-11-15T17:25:53.717Z"}
{"level":"info","message":"Please enter a valid command","timestamp":"2018-11-15T17:25:53.729Z"}
{"level":"info","message":"Please enter a valid command","timestamp":"2018-11-15T17:25:53.744Z"}
{"level":"info","message":"Please enter a valid command","timestamp":"2018-11-15T17:25:53.745Z"}
{"level":"info","message":"Please enter a valid command","timestamp":"2018-11-15T17:25:53.753Z"}
{"level":"info","message":"Please enter a valid command","timestamp":"2018-11-15T17:25:53.753Z"}
{"level":"info","message":"Please enter a valid command","timestamp":"2018-11-15T17:25:53.763Z"}
{"level":"info","message":"Please enter a valid command","timestamp":"2018-11-15T17:25:53.764Z"}
{"level":"info","message":"Please enter a valid command","timestamp":"2018-11-15T17:27:37.571Z"}
{"level":"info","message":"Please enter a valid command","timestamp":"2018-11-15T17:27:37.590Z"}
{"level":"info","message":"Please enter a valid command","timestamp":"2018-11-15T17:27:37.600Z"}
{"level":"info","message":"Please enter a valid command","timestamp":"2018-11-15T17:27:37.608Z"}
{"level":"info","message":"Please enter a valid command","timestamp":"2018-11-15T17:27:37.616Z"}
{"level":"info","message":"Please enter a valid command","timestamp":"2018-11-15T17:27:37.629Z"}
{"level":"info","message":"Please enter a valid command","timestamp":"2018-11-15T17:27:37.629Z"}
{"level":"info","message":"Please enter a valid command","timestamp":"2018-11-15T17:27:37.647Z"}
{"level":"info","message":"Please enter a valid command","timestamp":"2018-11-15T17:27:37.647Z"}
{"level":"info","message":"Please enter a valid command","timestamp":"2018-11-15T17:30:45.136Z"}
{"level":"info","message":"Please enter a valid command","timestamp":"2018-11-15T17:30:48.776Z"}
{"level":"info","message":"Please enter a valid command","timestamp":"2018-11-15T17:31:47.531Z"}
{"level":"info","message":"Please enter a valid command","timestamp":"2018-11-15T17:32:21.289Z"}
{"level":"info","timestamp":"2018-11-15T17:32:26.562Z"}
{"level":"info","timestamp":"2018-11-15T17:33:11.270Z"}
{"level":"info","timestamp":"2018-11-15T17:33:16.425Z"}
{"level":"info","timestamp":"2018-11-15T17:33:35.662Z"}
{"level":"info","timestamp":"2018-11-15T17:34:48.592Z"}
{"level":"info","timestamp":"2018-11-15T17:36:09.279Z"}
{"level":"info","message":"Incorrect parameters supplied for the command","timestamp":"2018-11-15T17:36:13.603Z"}
{"level":"info","timestamp":"2018-11-15T17:36:53.054Z"}
{"level":"info","message":"This software only supports vertical or horizontal lines","timestamp":"2018-11-15T17:36:55.836Z"}
{"level":"info","timestamp":"2018-11-15T17:37:04.452Z"}
{"level":"info","timestamp":"2018-11-15T17:37:39.469Z"}
{"level":"info","timestamp":"2018-11-15T17:37:43.107Z"}
{"level":"info","message":"Incorrect parameters supplied for the command","timestamp":"2018-11-15T17:37:55.001Z"}
{"level":"info","timestamp":"2018-11-15T17:38:05.704Z"}
{"level":"info","timestamp":"2018-11-15T17:39:14.284Z"}
{"level":"info","timestamp":"2018-11-15T17:40:15.691Z"}
{"level":"info","timestamp":"2018-11-15T17:40:28.581Z"}
{"level":"info","message":"Incorrect parameters supplied for the command","timestamp":"2018-11-15T17:42:50.716Z"}
{"level":"info","message":"Incorrect parameters supplied for the command","timestamp":"2018-11-15T17:42:52.562Z"}
{"level":"info","message":"Incorrect parameters supplied for the command","timestamp":"2018-11-15T17:49:10.397Z"}
{"level":"info","message":"Incorrect parameters supplied for the command","timestamp":"2018-11-15T17:49:13.613Z"}
{"level":"info","message":"Incorrect parameters supplied for the command","timestamp":"2018-11-15T17:49:13.940Z"}
{"level":"info","message":"Incorrect parameters supplied for the command","timestamp":"2018-11-15T17:49:16.004Z"}
{"level":"info","message":"Incorrect parameters supplied for the command","timestamp":"2018-11-15T17:50:03.095Z"}
{"level":"info","message":"Incorrect parameters supplied for the command","timestamp":"2018-11-15T17:50:04.433Z"}
{"level":"info","message":"Incorrect parameters supplied for the command","timestamp":"2018-11-15T17:50:04.617Z"}
{"level":"info","message":"Incorrect parameters supplied for the command","timestamp":"2018-11-15T17:50:19.871Z"}
{"level":"info","message":"Incorrect parameters supplied for the command","timestamp":"2018-11-15T17:50:33.129Z"}
{"level":"info","message":"Incorrect parameters supplied for the command","timestamp":"2018-11-15T17:50:50.560Z"}
{"level":"info","message":"Incorrect parameters supplied for the command","timestamp":"2018-11-15T17:51:06.993Z"}
{"level":"info","message":"Incorrect parameters supplied for the command","timestamp":"2018-11-15T17:51:22.015Z"}
{"level":"info","message":"Incorrect parameters supplied for the command","timestamp":"2018-11-15T17:52:09.740Z"}
{"level":"info","message":"No paraemeters supplied for this command","timestamp":"2018-11-16T06:52:37.386Z"}
{"level":"info","message":"No paraemeters supplied for this command","timestamp":"2018-11-16T06:53:01.998Z"}
{"level":"info","message":"This software only supports vertical or horizontal lines","timestamp":"2018-11-16T06:53:42.858Z"}
{"level":"info","message":"No paraemeters supplied for this command","timestamp":"2018-11-16T06:58:04.030Z"}
{"level":"info","message":"No paraemeters supplied for this command","timestamp":"2018-11-16T06:58:04.956Z"}
{"level":"info","message":"This software only supports vertical or horizontal lines","timestamp":"2018-11-16T07:06:40.136Z"}
{"level":"info","message":"Incorrect parameters supplied for the command","timestamp":"2018-11-16T07:18:41.000Z"}
{"level":"info","message":"No paraemeters supplied for this command","timestamp":"2018-11-16T07:24:45.798Z"}
{"level":"info","message":"This software only supports vertical or horizontal lines","timestamp":"2018-11-16T07:24:45.831Z"}
{"level":"info","message":"This software only supports vertical or horizontal lines","timestamp":"2018-11-16T07:24:45.852Z"}
{"level":"info","message":"Incorrect parameters supplied for the command","timestamp":"2018-11-16T07:25:40.118Z"}
{"level":"info","message":"Incorrect parameters supplied for the command","timestamp":"2018-11-16T07:25:40.129Z"}
{"level":"info","message":"No paraemeters supplied for this command","timestamp":"2018-11-16T07:25:40.149Z"}
{"level":"info","message":"This software only supports vertical or horizontal lines","timestamp":"2018-11-16T07:25:40.190Z"}
{"level":"info","message":"This software only supports vertical or horizontal lines","timestamp":"2018-11-16T07:25:40.213Z"}
{"level":"info","message":"Incorrect parameters supplied for the command","timestamp":"2018-11-16T07:26:29.464Z"}
{"level":"info","message":"Incorrect parameters supplied for the command","timestamp":"2018-11-16T07:26:29.479Z"}
{"level":"info","message":"Incorrect parameters supplied for the command","timestamp":"2018-11-16T07:26:29.492Z"}
{"level":"info","message":"No paraemeters supplied for this command","timestamp":"2018-11-16T07:26:29.502Z"}
{"level":"info","message":"This software only supports vertical or horizontal lines","timestamp":"2018-11-16T07:26:29.537Z"}
{"level":"info","message":"This software only supports vertical or horizontal lines","timestamp":"2018-11-16T07:26:29.560Z"}
{"level":"info","message":"Incorrect parameters supplied for the command","timestamp":"2018-11-16T07:27:40.259Z"}
{"level":"info","message":"Incorrect parameters supplied for the command","timestamp":"2018-11-16T07:27:40.271Z"}
{"level":"info","message":"Incorrect parameters supplied for the command","timestamp":"2018-11-16T07:27:40.281Z"}
{"level":"info","message":"No paraemeters supplied for this command","timestamp":"2018-11-16T07:27:40.290Z"}
{"level":"info","message":"This software only supports vertical or horizontal lines","timestamp":"2018-11-16T07:27:40.321Z"}
{"level":"info","message":"This software only supports vertical or horizontal lines","timestamp":"2018-11-16T07:27:40.343Z"}
{"level":"info","message":"Incorrect parameters supplied for the command","timestamp":"2018-11-16T07:29:50.087Z"}
{"level":"info","message":"Incorrect parameters supplied for the command","timestamp":"2018-11-16T07:29:50.099Z"}
{"level":"info","message":"Incorrect parameters supplied for the command","timestamp":"2018-11-16T07:29:50.112Z"}
{"level":"info","message":"No paraemeters supplied for this command","timestamp":"2018-11-16T07:29:50.122Z"}
{"level":"info","message":"This software only supports vertical or horizontal lines","timestamp":"2018-11-16T07:29:50.180Z"}
{"level":"info","message":"Incorrect parameters supplied for the command","timestamp":"2018-11-16T07:30:29.987Z"}
{"level":"info","message":"Incorrect parameters supplied for the command","timestamp":"2018-11-16T07:30:30.000Z"}
{"level":"info","message":"Incorrect parameters supplied for the command","timestamp":"2018-11-16T07:30:30.010Z"}
{"level":"info","message":"No paraemeters supplied for this command","timestamp":"2018-11-16T07:30:30.019Z"}
{"level":"info","message":"This software only supports vertical or horizontal lines","timestamp":"2018-11-16T07:30:30.052Z"}
{"level":"info","message":"Incorrect parameters supplied for the command","timestamp":"2018-11-16T07:33:10.509Z"}
{"level":"info","message":"Incorrect parameters supplied for the command","timestamp":"2018-11-16T07:33:10.521Z"}
{"level":"info","message":"Incorrect parameters supplied for the command","timestamp":"2018-11-16T07:33:10.533Z"}
{"level":"info","message":"No paraemeters supplied for this command","timestamp":"2018-11-16T07:33:10.542Z"}
{"level":"info","message":"This software only supports vertical or horizontal lines","timestamp":"2018-11-16T07:33:10.577Z"}
{"level":"info","message":"Incorrect parameters supplied for the command","timestamp":"2018-11-16T07:34:11.172Z"}
{"level":"info","message":"Incorrect parameters supplied for the command","timestamp":"2018-11-16T07:34:11.185Z"}
{"level":"info","message":"Incorrect parameters supplied for the command","timestamp":"2018-11-16T07:34:11.195Z"}
{"level":"info","message":"No paraemeters supplied for this command","timestamp":"2018-11-16T07:34:11.209Z"}
{"level":"info","message":"This software only supports vertical or horizontal lines","timestamp":"2018-11-16T07:34:11.241Z"}
{"level":"info","message":"Incorrect parameters supplied for the command","timestamp":"2018-11-16T07:35:05.541Z"}
{"level":"info","message":"Incorrect parameters supplied for the command","timestamp":"2018-11-16T07:35:05.557Z"}
{"level":"info","message":"Incorrect parameters supplied for the command","timestamp":"2018-11-16T07:35:05.569Z"}
{"level":"info","message":"No paraemeters supplied for this command","timestamp":"2018-11-16T07:35:05.581Z"}
{"level":"info","message":"This software only supports vertical or horizontal lines","timestamp":"2018-11-16T07:35:05.616Z"}
{"level":"info","message":"Incorrect parameters supplied for the command","timestamp":"2018-11-16T07:35:17.843Z"}
{"level":"info","message":"Incorrect parameters supplied for the command","timestamp":"2018-11-16T07:35:17.855Z"}
{"level":"info","message":"Incorrect parameters supplied for the command","timestamp":"2018-11-16T07:35:17.867Z"}
{"level":"info","message":"No paraemeters supplied for this command","timestamp":"2018-11-16T07:35:17.879Z"}
{"level":"info","message":"This software only supports vertical or horizontal lines","timestamp":"2018-11-16T07:35:17.916Z"}
{"level":"info","message":"Incorrect parameters supplied for the command","timestamp":"2018-11-16T07:35:43.548Z"}
{"level":"info","message":"Incorrect parameters supplied for the command","timestamp":"2018-11-16T07:35:43.564Z"}
{"level":"info","message":"Incorrect parameters supplied for the command","timestamp":"2018-11-16T07:35:43.577Z"}
{"level":"info","message":"No paraemeters supplied for this command","timestamp":"2018-11-16T07:35:43.588Z"}
{"level":"info","message":"This software only supports vertical or horizontal lines","timestamp":"2018-11-16T07:35:43.624Z"}
{"level":"info","message":"Incorrect parameters supplied for the command","timestamp":"2018-11-16T07:36:08.929Z"}
{"level":"info","message":"Incorrect parameters supplied for the command","timestamp":"2018-11-16T07:36:08.943Z"}
{"level":"info","message":"Incorrect parameters supplied for the command","timestamp":"2018-11-16T07:36:08.956Z"}
{"level":"info","message":"No paraemeters supplied for this command","timestamp":"2018-11-16T07:36:08.966Z"}
{"level":"info","message":"This software only supports vertical or horizontal lines","timestamp":"2018-11-16T07:36:09.000Z"}
{"level":"info","message":"Incorrect parameters supplied for the command","timestamp":"2018-11-16T08:05:13.187Z"}
{"level":"info","message":"Incorrect parameters supplied for the command","timestamp":"2018-11-16T08:05:13.202Z"}
{"level":"info","message":"Incorrect parameters supplied for the command","timestamp":"2018-11-16T08:05:13.217Z"}
{"level":"info","message":"No paraemeters supplied for this command","timestamp":"2018-11-16T08:05:13.224Z"}
{"level":"info","message":"This software only supports vertical or horizontal lines","timestamp":"2018-11-16T08:05:13.259Z"}
{"level":"info","message":"Incorrect parameters supplied for the command","timestamp":"2018-11-16T08:05:41.197Z"}
{"level":"info","message":"Incorrect parameters supplied for the command","timestamp":"2018-11-16T08:05:41.213Z"}
{"level":"info","message":"Incorrect parameters supplied for the command","timestamp":"2018-11-16T08:05:41.224Z"}
{"level":"info","message":"No paraemeters supplied for this command","timestamp":"2018-11-16T08:05:41.234Z"}
{"level":"info","message":"This software only supports vertical or horizontal lines","timestamp":"2018-11-16T08:05:41.269Z"}
{"level":"info","message":"Incorrect parameters supplied for the command","timestamp":"2018-11-16T08:07:32.031Z"}
{"level":"info","message":"Incorrect parameters supplied for the command","timestamp":"2018-11-16T08:07:32.051Z"}
{"level":"info","message":"Incorrect parameters supplied for the command","timestamp":"2018-11-16T08:07:32.064Z"}
{"level":"info","message":"No paraemeters supplied for this command","timestamp":"2018-11-16T08:07:32.077Z"}
{"level":"info","message":"This software only supports vertical or horizontal lines","timestamp":"2018-11-16T08:07:32.115Z"}
{"level":"info","message":"Incorrect parameters supplied for the command","timestamp":"2018-11-16T08:07:53.880Z"}
{"level":"info","message":"Incorrect parameters supplied for the command","timestamp":"2018-11-16T08:07:53.894Z"}
{"level":"info","message":"Incorrect parameters supplied for the command","timestamp":"2018-11-16T08:07:53.909Z"}
{"level":"info","message":"No paraemeters supplied for this command","timestamp":"2018-11-16T08:07:53.918Z"}
{"level":"info","message":"This software only supports vertical or horizontal lines","timestamp":"2018-11-16T08:07:53.956Z"}
{"level":"info","message":"Incorrect parameters supplied for the command","timestamp":"2018-11-16T08:08:20.997Z"}
{"level":"info","message":"Incorrect parameters supplied for the command","timestamp":"2018-11-16T08:08:21.013Z"}
{"level":"info","message":"Incorrect parameters supplied for the command","timestamp":"2018-11-16T08:08:21.030Z"}
{"level":"info","message":"No paraemeters supplied for this command","timestamp":"2018-11-16T08:08:21.039Z"}
{"level":"info","message":"This software only supports vertical or horizontal lines","timestamp":"2018-11-16T08:08:21.081Z"}
{"level":"info","message":"Incorrect parameters supplied for the command","timestamp":"2018-11-16T08:08:53.059Z"}
{"level":"info","message":"Incorrect parameters supplied for the command","timestamp":"2018-11-16T08:08:53.075Z"}
{"level":"info","message":"Incorrect parameters supplied for the command","timestamp":"2018-11-16T08:08:53.087Z"}
{"level":"info","message":"No paraemeters supplied for this command","timestamp":"2018-11-16T08:08:53.097Z"}
{"level":"info","message":"This software only supports vertical or horizontal lines","timestamp":"2018-11-16T08:08:53.141Z"}
{"level":"info","message":"Incorrect parameters supplied for the command","timestamp":"2018-11-16T08:09:44.241Z"}
{"level":"info","message":"Incorrect parameters supplied for the command","timestamp":"2018-11-16T08:09:44.256Z"}
{"level":"info","message":"Incorrect parameters supplied for the command","timestamp":"2018-11-16T08:09:44.269Z"}
{"level":"info","message":"No paraemeters supplied for this command","timestamp":"2018-11-16T08:09:44.282Z"}
{"level":"info","message":"This software only supports vertical or horizontal lines","timestamp":"2018-11-16T08:09:44.322Z"}
{"level":"info","message":"Incorrect parameters supplied for the command","timestamp":"2018-11-16T08:09:53.345Z"}
{"level":"info","message":"Incorrect parameters supplied for the command","timestamp":"2018-11-16T08:09:53.360Z"}
{"level":"info","message":"Incorrect parameters supplied for the command","timestamp":"2018-11-16T08:09:53.375Z"}
{"level":"info","message":"No paraemeters supplied for this command","timestamp":"2018-11-16T08:09:53.385Z"}
{"level":"info","message":"This software only supports vertical or horizontal lines","timestamp":"2018-11-16T08:09:53.418Z"}
{"level":"info","message":"Incorrect parameters supplied for the command","timestamp":"2018-11-16T08:10:22.234Z"}
{"level":"info","message":"Incorrect parameters supplied for the command","timestamp":"2018-11-16T08:10:22.253Z"}
{"level":"info","message":"Incorrect parameters supplied for the command","timestamp":"2018-11-16T08:10:22.269Z"}
{"level":"info","message":"No paraemeters supplied for this command","timestamp":"2018-11-16T08:10:22.280Z"}
{"level":"info","message":"This software only supports vertical or horizontal lines","timestamp":"2018-11-16T08:10:22.329Z"}
{"level":"info","message":"Incorrect parameters supplied for the command","timestamp":"2018-11-16T08:10:29.486Z"}
{"level":"info","message":"Incorrect parameters supplied for the command","timestamp":"2018-11-16T08:10:29.503Z"}
{"level":"info","message":"Incorrect parameters supplied for the command","timestamp":"2018-11-16T08:10:29.516Z"}
{"level":"info","message":"No paraemeters supplied for this command","timestamp":"2018-11-16T08:10:29.526Z"}
{"level":"info","message":"This software only supports vertical or horizontal lines","timestamp":"2018-11-16T08:10:29.561Z"}
{"level":"info","message":"Incorrect parameters supplied for the command","timestamp":"2018-11-16T08:18:15.314Z"}
{"level":"info","message":"Incorrect parameters supplied for the command","timestamp":"2018-11-16T08:18:15.330Z"}
{"level":"info","message":"Incorrect parameters supplied for the command","timestamp":"2018-11-16T08:18:15.344Z"}
{"level":"info","message":"No paraemeters supplied for this command","timestamp":"2018-11-16T08:18:15.352Z"}
{"level":"info","message":"This software only supports vertical or horizontal lines","timestamp":"2018-11-16T08:18:15.388Z"}
{"level":"info","message":"Incorrect parameters supplied for the command","timestamp":"2018-11-16T08:19:18.495Z"}
{"level":"info","message":"Incorrect parameters supplied for the command","timestamp":"2018-11-16T08:19:18.513Z"}
{"level":"info","message":"Incorrect parameters supplied for the command","timestamp":"2018-11-16T08:19:18.528Z"}
{"level":"info","message":"No paraemeters supplied for this command","timestamp":"2018-11-16T08:19:18.538Z"}
{"level":"info","message":"This software only supports vertical or horizontal lines","timestamp":"2018-11-16T08:19:18.581Z"}
{"level":"info","message":"Incorrect parameters supplied for the command","timestamp":"2018-11-16T08:19:32.142Z"}
{"level":"info","message":"Incorrect parameters supplied for the command","timestamp":"2018-11-16T08:19:32.158Z"}
{"level":"info","message":"Incorrect parameters supplied for the command","timestamp":"2018-11-16T08:19:32.173Z"}
{"level":"info","message":"No paraemeters supplied for this command","timestamp":"2018-11-16T08:19:32.181Z"}
{"level":"info","message":"This software only supports vertical or horizontal lines","timestamp":"2018-11-16T08:19:32.219Z"}
{"level":"info","message":"Incorrect parameters supplied for the command","timestamp":"2018-11-16T08:19:50.397Z"}
{"level":"info","message":"Incorrect parameters supplied for the command","timestamp":"2018-11-16T08:19:50.414Z"}
{"level":"info","message":"Incorrect parameters supplied for the command","timestamp":"2018-11-16T08:19:50.429Z"}
{"level":"info","message":"No paraemeters supplied for this command","timestamp":"2018-11-16T08:19:50.438Z"}
{"level":"info","message":"This software only supports vertical or horizontal lines","timestamp":"2018-11-16T08:19:50.474Z"}
{"level":"info","message":"Incorrect parameters supplied for the command","timestamp":"2018-11-16T08:20:36.460Z"}
{"level":"info","message":"Incorrect parameters supplied for the command","timestamp":"2018-11-16T08:20:36.479Z"}
{"level":"info","message":"Incorrect parameters supplied for the command","timestamp":"2018-11-16T08:20:36.495Z"}
{"level":"info","message":"No paraemeters supplied for this command","timestamp":"2018-11-16T08:20:36.506Z"}
{"level":"info","message":"This software only supports vertical or horizontal lines","timestamp":"2018-11-16T08:20:36.548Z"}
{"level":"info","message":"Incorrect parameters supplied for the command","timestamp":"2018-11-16T08:20:36.575Z"}
{"level":"info","message":"Incorrect parameters supplied for the command","timestamp":"2018-11-16T08:21:10.870Z"}
{"level":"info","message":"Incorrect parameters supplied for the command","timestamp":"2018-11-16T08:21:10.886Z"}
{"level":"info","message":"Incorrect parameters supplied for the command","timestamp":"2018-11-16T08:21:10.901Z"}
{"level":"info","message":"No paraemeters supplied for this command","timestamp":"2018-11-16T08:21:10.911Z"}
{"level":"info","message":"This software only supports vertical or horizontal lines","timestamp":"2018-11-16T08:21:10.947Z"}
{"level":"info","message":"Incorrect parameters supplied for the command","timestamp":"2018-11-16T08:21:10.971Z"}
{"level":"info","message":"Incorrect parameters supplied for the command","timestamp":"2018-11-16T08:22:15.022Z"}
{"level":"info","message":"Incorrect parameters supplied for the command","timestamp":"2018-11-16T08:22:15.041Z"}
{"level":"info","message":"Incorrect parameters supplied for the command","timestamp":"2018-11-16T08:22:15.057Z"}
{"level":"info","message":"No paraemeters supplied for this command","timestamp":"2018-11-16T08:22:15.070Z"}
{"level":"info","message":"This software only supports vertical or horizontal lines","timestamp":"2018-11-16T08:22:15.112Z"}
{"level":"info","message":"Incorrect parameters supplied for the command","timestamp":"2018-11-16T08:22:15.139Z"}
{"level":"info","message":"Rectangle creation failed, no parameters specified","timestamp":"2018-11-16T08:22:15.154Z"}
{"level":"info","message":"Incorrect parameters supplied for the command","timestamp":"2018-11-16T08:24:46.274Z"}
{"level":"info","message":"Incorrect parameters supplied for the command","timestamp":"2018-11-16T08:24:46.291Z"}
{"level":"info","message":"Incorrect parameters supplied for the command","timestamp":"2018-11-16T08:24:46.306Z"}
{"level":"info","message":"No paraemeters supplied for this command","timestamp":"2018-11-16T08:24:46.315Z"}
{"level":"info","message":"This software only supports vertical or horizontal lines","timestamp":"2018-11-16T08:24:46.353Z"}
{"level":"info","message":"Incorrect parameters supplied for the command","timestamp":"2018-11-16T08:24:46.376Z"}
{"level":"info","message":"Rectangle creation failed, no parameters specified","timestamp":"2018-11-16T08:24:46.390Z"}
{"level":"info","message":"Incorrect parameters supplied for the command","timestamp":"2018-11-16T08:27:05.041Z"}
{"level":"info","message":"Incorrect parameters supplied for the command","timestamp":"2018-11-16T08:27:05.059Z"}
{"level":"info","message":"Incorrect parameters supplied for the command","timestamp":"2018-11-16T08:27:05.076Z"}
{"level":"info","message":"No paraemeters supplied for this command","timestamp":"2018-11-16T08:27:05.085Z"}
{"level":"info","message":"This software only supports vertical or horizontal lines","timestamp":"2018-11-16T08:27:05.122Z"}
{"level":"info","message":"Incorrect parameters supplied for the command","timestamp":"2018-11-16T08:27:05.147Z"}
{"level":"info","message":"Rectangle creation failed, no parameters specified","timestamp":"2018-11-16T08:27:05.161Z"}
{"level":"info","message":"Incorrect parameters supplied for the command","timestamp":"2018-11-16T08:30:58.907Z"}
{"level":"info","message":"Incorrect parameters supplied for the command","timestamp":"2018-11-16T08:30:58.924Z"}
{"level":"info","message":"Incorrect parameters supplied for the command","timestamp":"2018-11-16T08:30:58.940Z"}
{"level":"info","message":"No paraemeters supplied for this command","timestamp":"2018-11-16T08:30:58.954Z"}
{"level":"info","message":"This software only supports vertical or horizontal lines","timestamp":"2018-11-16T08:30:58.995Z"}
{"level":"info","message":"Incorrect parameters supplied for the command","timestamp":"2018-11-16T08:30:59.021Z"}
{"level":"info","message":"Rectangle creation failed, no parameters specified","timestamp":"2018-11-16T08:30:59.035Z"}
{"level":"info","message":"Incorrect parameters supplied for the command","timestamp":"2018-11-16T08:32:15.588Z"}
{"level":"info","message":"Incorrect parameters supplied for the command","timestamp":"2018-11-16T08:32:15.604Z"}
{"level":"info","message":"Incorrect parameters supplied for the command","timestamp":"2018-11-16T08:32:15.624Z"}
{"level":"info","message":"No paraemeters supplied for this command","timestamp":"2018-11-16T08:32:15.631Z"}
{"level":"info","message":"This software only supports vertical or horizontal lines","timestamp":"2018-11-16T08:32:15.668Z"}
{"level":"info","message":"Incorrect parameters supplied for the command","timestamp":"2018-11-16T08:32:15.694Z"}
{"level":"info","message":"Rectangle creation failed, no parameters specified","timestamp":"2018-11-16T08:32:15.708Z"}
{"level":"info","message":"Incorrect parameters supplied for the command","timestamp":"2018-11-16T08:33:38.617Z"}
{"level":"info","message":"Incorrect parameters supplied for the command","timestamp":"2018-11-16T08:33:38.635Z"}
{"level":"info","message":"Incorrect parameters supplied for the command","timestamp":"2018-11-16T08:33:38.650Z"}
{"level":"info","message":"No paraemeters supplied for this command","timestamp":"2018-11-16T08:33:38.660Z"}
{"level":"info","message":"This software only supports vertical or horizontal lines","timestamp":"2018-11-16T08:33:38.701Z"}
{"level":"info","message":"Incorrect parameters supplied for the command","timestamp":"2018-11-16T08:33:38.727Z"}
{"level":"info","message":"Incorrect parameters supplied for the command","timestamp":"2018-11-16T08:33:49.220Z"}
{"level":"info","message":"Incorrect parameters supplied for the command","timestamp":"2018-11-16T08:33:49.236Z"}
{"level":"info","message":"Incorrect parameters supplied for the command","timestamp":"2018-11-16T08:33:49.254Z"}
{"level":"info","message":"No paraemeters supplied for this command","timestamp":"2018-11-16T08:33:49.265Z"}
{"level":"info","message":"This software only supports vertical or horizontal lines","timestamp":"2018-11-16T08:33:49.303Z"}
{"level":"info","message":"Incorrect parameters supplied for the command","timestamp":"2018-11-16T08:33:49.325Z"}
{"level":"info","message":"Rectangle creation failed, no parameters specified","timestamp":"2018-11-16T08:33:49.337Z"}
{"level":"info","message":"Incorrect parameters supplied for the command","timestamp":"2018-11-16T08:34:02.195Z"}
{"level":"info","message":"Incorrect parameters supplied for the command","timestamp":"2018-11-16T08:34:02.212Z"}
{"level":"info","message":"Incorrect parameters supplied for the command","timestamp":"2018-11-16T08:34:02.229Z"}
{"level":"info","message":"No paraemeters supplied for this command","timestamp":"2018-11-16T08:34:02.239Z"}
{"level":"info","message":"This software only supports vertical or horizontal lines","timestamp":"2018-11-16T08:34:02.283Z"}
{"level":"info","message":"Incorrect parameters supplied for the command","timestamp":"2018-11-16T08:34:02.308Z"}
{"level":"info","message":"Rectangle creation failed, no parameters specified","timestamp":"2018-11-16T08:34:02.321Z"}
{"level":"info","message":"Incorrect parameters supplied for the command","timestamp":"2018-11-16T08:34:40.069Z"}
{"level":"info","message":"Incorrect parameters supplied for the command","timestamp":"2018-11-16T08:34:40.084Z"}
{"level":"info","message":"Incorrect parameters supplied for the command","timestamp":"2018-11-16T08:34:40.102Z"}
{"level":"info","message":"No paraemeters supplied for this command","timestamp":"2018-11-16T08:34:40.112Z"}
{"level":"info","message":"This software only supports vertical or horizontal lines","timestamp":"2018-11-16T08:34:40.154Z"}
{"level":"info","message":"Incorrect parameters supplied for the command","timestamp":"2018-11-16T08:34:40.178Z"}
{"level":"info","message":"Rectangle creation failed, no parameters specified","timestamp":"2018-11-16T08:34:40.191Z"}
{"level":"info","message":"Incorrect parameters supplied for the command","timestamp":"2018-11-16T08:36:02.692Z"}
{"level":"info","message":"Incorrect parameters supplied for the command","timestamp":"2018-11-16T08:36:02.707Z"}
{"level":"info","message":"Incorrect parameters supplied for the command","timestamp":"2018-11-16T08:36:02.725Z"}
{"level":"info","message":"No paraemeters supplied for this command","timestamp":"2018-11-16T08:36:02.734Z"}
{"level":"info","message":"This software only supports vertical or horizontal lines","timestamp":"2018-11-16T08:36:02.774Z"}
{"level":"info","message":"Incorrect parameters supplied for the command","timestamp":"2018-11-16T08:36:02.798Z"}
{"level":"info","message":"Rectangle creation failed, no parameters specified","timestamp":"2018-11-16T08:36:02.809Z"}
{"level":"info","message":"Incorrect parameters supplied for the command","timestamp":"2018-11-16T08:37:12.226Z"}
{"level":"info","message":"Incorrect parameters supplied for the command","timestamp":"2018-11-16T08:37:12.245Z"}
{"level":"info","message":"Incorrect parameters supplied for the command","timestamp":"2018-11-16T08:37:12.260Z"}
{"level":"info","message":"No paraemeters supplied for this command","timestamp":"2018-11-16T08:37:12.270Z"}
{"level":"info","message":"This software only supports vertical or horizontal lines","timestamp":"2018-11-16T08:37:12.306Z"}
{"level":"info","message":"Incorrect parameters supplied for the command","timestamp":"2018-11-16T08:37:12.328Z"}
{"level":"info","message":"Rectangle creation failed, no parameters specified","timestamp":"2018-11-16T08:37:12.340Z"}
{"level":"info","message":"Incorrect parameters supplied for the command","timestamp":"2018-11-16T08:37:54.851Z"}
{"level":"info","message":"Incorrect parameters supplied for the command","timestamp":"2018-11-16T08:37:54.867Z"}
{"level":"info","message":"Incorrect parameters supplied for the command","timestamp":"2018-11-16T08:37:54.880Z"}
{"level":"info","message":"No paraemeters supplied for this command","timestamp":"2018-11-16T08:37:54.889Z"}
{"level":"info","message":"This software only supports vertical or horizontal lines","timestamp":"2018-11-16T08:37:54.927Z"}
{"level":"info","message":"Incorrect parameters supplied for the command","timestamp":"2018-11-16T08:37:54.953Z"}
{"level":"info","message":"Rectangle creation failed, no parameters specified","timestamp":"2018-11-16T08:37:54.963Z"}
{"level":"info","message":"Incorrect parameters supplied for the command","timestamp":"2018-11-16T08:42:07.399Z"}
{"level":"info","message":"Incorrect parameters supplied for the command","timestamp":"2018-11-16T08:42:07.412Z"}
{"level":"info","message":"Incorrect parameters supplied for the command","timestamp":"2018-11-16T08:42:07.424Z"}
{"level":"info","message":"No paraemeters supplied for this command","timestamp":"2018-11-16T08:42:07.434Z"}
{"level":"info","message":"This software only supports vertical or horizontal lines","timestamp":"2018-11-16T08:42:07.472Z"}
{"level":"info","message":"Incorrect parameters supplied for the command","timestamp":"2018-11-16T08:42:07.500Z"}
{"level":"info","message":"Rectangle creation failed, no parameters specified","timestamp":"2018-11-16T08:42:07.519Z"}
{"level":"info","message":"Incorrect parameters supplied for the command","timestamp":"2018-11-16T08:43:40.666Z"}
{"level":"info","message":"Incorrect parameters supplied for the command","timestamp":"2018-11-16T08:43:40.683Z"}
{"level":"info","message":"Incorrect parameters supplied for the command","timestamp":"2018-11-16T08:43:40.694Z"}
{"level":"info","message":"No paraemeters supplied for this command","timestamp":"2018-11-16T08:43:40.704Z"}
{"level":"info","message":"This software only supports vertical or horizontal lines","timestamp":"2018-11-16T08:43:40.741Z"}
{"level":"info","message":"Incorrect parameters supplied for the command","timestamp":"2018-11-16T08:43:40.766Z"}
{"level":"info","message":"Rectangle creation failed, no parameters specified","timestamp":"2018-11-16T08:43:40.780Z"}
{"level":"info","message":"Incorrect parameters supplied for the command","timestamp":"2018-11-16T08:45:06.556Z"}
{"level":"info","message":"Incorrect parameters supplied for the command","timestamp":"2018-11-16T08:45:06.574Z"}
{"level":"info","message":"Incorrect parameters supplied for the command","timestamp":"2018-11-16T08:45:06.586Z"}
{"level":"info","message":"No paraemeters supplied for this command","timestamp":"2018-11-16T08:45:06.595Z"}
{"level":"info","message":"This software only supports vertical or horizontal lines","timestamp":"2018-11-16T08:45:06.636Z"}
{"level":"info","message":"Incorrect parameters supplied for the command","timestamp":"2018-11-16T08:45:06.662Z"}
{"level":"info","message":"Rectangle creation failed, no parameters specified","timestamp":"2018-11-16T08:45:06.676Z"}
{"level":"info","message":"Incorrect parameters supplied for the command","timestamp":"2018-11-16T08:45:47.140Z"}
{"level":"info","message":"Incorrect parameters supplied for the command","timestamp":"2018-11-16T08:45:47.157Z"}
{"level":"info","message":"Incorrect parameters supplied for the command","timestamp":"2018-11-16T08:45:47.168Z"}
{"level":"info","message":"No paraemeters supplied for this command","timestamp":"2018-11-16T08:45:47.178Z"}
{"level":"info","message":"This software only supports vertical or horizontal lines","timestamp":"2018-11-16T08:45:47.216Z"}
{"level":"info","message":"Incorrect parameters supplied for the command","timestamp":"2018-11-16T08:45:47.242Z"}
{"level":"info","message":"Rectangle creation failed, no parameters specified","timestamp":"2018-11-16T08:45:47.258Z"}
{"level":"info","message":"Incorrect parameters supplied for the command","timestamp":"2018-11-16T08:46:00.776Z"}
{"level":"info","message":"Incorrect parameters supplied for the command","timestamp":"2018-11-16T08:46:00.794Z"}
{"level":"info","message":"Incorrect parameters supplied for the command","timestamp":"2018-11-16T08:46:00.808Z"}
{"level":"info","message":"No paraemeters supplied for this command","timestamp":"2018-11-16T08:46:00.817Z"}
{"level":"info","message":"This software only supports vertical or horizontal lines","timestamp":"2018-11-16T08:46:00.860Z"}
{"level":"info","message":"Incorrect parameters supplied for the command","timestamp":"2018-11-16T08:46:00.888Z"}
{"level":"info","message":"Rectangle creation failed, no parameters specified","timestamp":"2018-11-16T08:46:00.910Z"}
{"level":"info","message":"Incorrect parameters supplied for the command","timestamp":"2018-11-16T08:46:29.860Z"}
{"level":"info","message":"Incorrect parameters supplied for the command","timestamp":"2018-11-16T08:46:29.879Z"}
{"level":"info","message":"Incorrect parameters supplied for the command","timestamp":"2018-11-16T08:46:29.892Z"}
{"level":"info","message":"No paraemeters supplied for this command","timestamp":"2018-11-16T08:46:29.904Z"}
{"level":"info","message":"This software only supports vertical or horizontal lines","timestamp":"2018-11-16T08:46:29.946Z"}
{"level":"info","message":"Incorrect parameters supplied for the command","timestamp":"2018-11-16T08:46:29.974Z"}
{"level":"info","message":"Rectangle creation failed, no parameters specified","timestamp":"2018-11-16T08:46:29.990Z"}
{"level":"info","message":"Incorrect parameters supplied for the command","timestamp":"2018-11-16T08:46:48.434Z"}
{"level":"info","message":"Incorrect parameters supplied for the command","timestamp":"2018-11-16T08:46:48.453Z"}
{"level":"info","message":"Incorrect parameters supplied for the command","timestamp":"2018-11-16T08:46:48.468Z"}
{"level":"info","message":"No paraemeters supplied for this command","timestamp":"2018-11-16T08:46:48.481Z"}
{"level":"info","message":"This software only supports vertical or horizontal lines","timestamp":"2018-11-16T08:46:48.534Z"}
{"level":"info","message":"Incorrect parameters supplied for the command","timestamp":"2018-11-16T08:46:48.566Z"}
{"level":"info","message":"Rectangle creation failed, no parameters specified","timestamp":"2018-11-16T08:46:48.582Z"}
{"level":"info","message":"Incorrect parameters supplied for the command","timestamp":"2018-11-16T08:47:00.412Z"}
{"level":"info","message":"Incorrect parameters supplied for the command","timestamp":"2018-11-16T08:47:00.448Z"}
{"level":"info","message":"Incorrect parameters supplied for the command","timestamp":"2018-11-16T08:47:00.463Z"}
{"level":"info","message":"Incorrect parameters supplied for the command","timestamp":"2018-11-16T08:47:00.475Z"}
{"level":"info","message":"No paraemeters supplied for this command","timestamp":"2018-11-16T08:47:00.485Z"}
{"level":"info","message":"This software only supports vertical or horizontal lines","timestamp":"2018-11-16T08:47:00.528Z"}
{"level":"info","message":"Incorrect parameters supplied for the command","timestamp":"2018-11-16T08:47:00.555Z"}
{"level":"info","message":"Rectangle creation failed, no parameters specified","timestamp":"2018-11-16T08:47:00.568Z"}
{"level":"info","message":"Incorrect parameters supplied for the command","timestamp":"2018-11-16T08:47:23.923Z"}
{"level":"info","message":"Incorrect parameters supplied for the command","timestamp":"2018-11-16T08:47:23.960Z"}
{"level":"info","message":"Incorrect parameters supplied for the command","timestamp":"2018-11-16T08:47:23.975Z"}
{"level":"info","message":"Incorrect parameters supplied for the command","timestamp":"2018-11-16T08:47:23.986Z"}
{"level":"info","message":"No paraemeters supplied for this command","timestamp":"2018-11-16T08:47:23.999Z"}
{"level":"info","message":"This software only supports vertical or horizontal lines","timestamp":"2018-11-16T08:47:24.065Z"}
{"level":"info","message":"Incorrect parameters supplied for the command","timestamp":"2018-11-16T08:47:24.121Z"}
{"level":"info","message":"Rectangle creation failed, no parameters specified","timestamp":"2018-11-16T08:47:24.135Z"}
{"level":"info","message":"Incorrect parameters supplied for the command","timestamp":"2018-11-16T08:48:12.319Z"}
{"level":"info","message":"Incorrect parameters supplied for the command","timestamp":"2018-11-16T08:48:12.364Z"}
{"level":"info","message":"Incorrect parameters supplied for the command","timestamp":"2018-11-16T08:48:12.380Z"}
{"level":"info","message":"Incorrect parameters supplied for the command","timestamp":"2018-11-16T08:48:12.393Z"}
{"level":"info","message":"No paraemeters supplied for this command","timestamp":"2018-11-16T08:48:12.404Z"}
{"level":"info","message":"This software only supports vertical or horizontal lines","timestamp":"2018-11-16T08:48:12.452Z"}
{"level":"info","message":"Incorrect parameters supplied for the command","timestamp":"2018-11-16T08:48:12.485Z"}
{"level":"info","message":"Rectangle creation failed, no parameters specified","timestamp":"2018-11-16T08:48:12.500Z"}
{"level":"info","message":"Incorrect parameters supplied for the command","timestamp":"2018-11-16T08:49:45.097Z"}
{"level":"info","message":"Incorrect parameters supplied for the command","timestamp":"2018-11-16T08:49:45.139Z"}
{"level":"info","message":"Incorrect parameters supplied for the command","timestamp":"2018-11-16T08:49:45.155Z"}
{"level":"info","message":"Incorrect parameters supplied for the command","timestamp":"2018-11-16T08:49:45.172Z"}
{"level":"info","message":"No paraemeters supplied for this command","timestamp":"2018-11-16T08:49:45.185Z"}
{"level":"info","message":"This software only supports vertical or horizontal lines","timestamp":"2018-11-16T08:49:45.238Z"}
{"level":"info","message":"Incorrect parameters supplied for the command","timestamp":"2018-11-16T08:49:45.271Z"}
{"level":"info","message":"Rectangle creation failed, no parameters specified","timestamp":"2018-11-16T08:49:45.291Z"}
{"level":"info","message":"Incorrect parameters supplied for the command","timestamp":"2018-11-16T08:50:20.469Z"}
{"level":"info","message":"Incorrect parameters supplied for the command","timestamp":"2018-11-16T08:50:20.485Z"}
{"level":"info","message":"Incorrect parameters supplied for the command","timestamp":"2018-11-16T08:50:20.497Z"}
{"level":"info","message":"No paraemeters supplied for this command","timestamp":"2018-11-16T08:50:20.506Z"}
{"level":"info","message":"This software only supports vertical or horizontal lines","timestamp":"2018-11-16T08:50:20.544Z"}
{"level":"info","message":"Incorrect parameters supplied for the command","timestamp":"2018-11-16T08:50:20.571Z"}
{"level":"info","message":"Rectangle creation failed, no parameters specified","timestamp":"2018-11-16T08:50:20.584Z"}
{"level":"info","message":"Incorrect parameters supplied for the command","timestamp":"2018-11-16T08:50:46.699Z"}
{"level":"info","message":"Incorrect parameters supplied for the command","timestamp":"2018-11-16T08:50:46.716Z"}
{"level":"info","message":"Incorrect parameters supplied for the command","timestamp":"2018-11-16T08:50:46.726Z"}
{"level":"info","message":"No paraemeters supplied for this command","timestamp":"2018-11-16T08:50:46.737Z"}
{"level":"info","message":"This software only supports vertical or horizontal lines","timestamp":"2018-11-16T08:50:46.783Z"}
{"level":"info","message":"Incorrect parameters supplied for the command","timestamp":"2018-11-16T08:50:46.815Z"}
{"level":"info","message":"Rectangle creation failed, no parameters specified","timestamp":"2018-11-16T08:50:46.829Z"}
{"level":"info","message":"Incorrect parameters supplied for the command","timestamp":"2018-11-16T08:51:48.618Z"}
{"level":"info","message":"Incorrect parameters supplied for the command","timestamp":"2018-11-16T08:51:48.632Z"}
{"level":"info","message":"Incorrect parameters supplied for the command","timestamp":"2018-11-16T08:51:48.642Z"}
{"level":"info","message":"No paraemeters supplied for this command","timestamp":"2018-11-16T08:51:48.654Z"}
{"level":"info","message":"This software only supports vertical or horizontal lines","timestamp":"2018-11-16T08:51:48.699Z"}
{"level":"info","message":"Incorrect parameters supplied for the command","timestamp":"2018-11-16T08:51:48.731Z"}
{"level":"info","message":"Rectangle creation failed, no parameters specified","timestamp":"2018-11-16T08:51:48.743Z"}
{"level":"info","message":"Incorrect parameters supplied for the command","timestamp":"2018-11-16T08:52:32.057Z"}
{"level":"info","message":"Incorrect parameters supplied for the command","timestamp":"2018-11-16T08:52:32.094Z"}
{"level":"info","message":"Incorrect parameters supplied for the command","timestamp":"2018-11-16T08:52:32.105Z"}
{"level":"info","message":"Incorrect parameters supplied for the command","timestamp":"2018-11-16T08:52:32.117Z"}
{"level":"info","message":"No paraemeters supplied for this command","timestamp":"2018-11-16T08:52:32.129Z"}
{"level":"info","message":"This software only supports vertical or horizontal lines","timestamp":"2018-11-16T08:52:32.174Z"}
{"level":"info","message":"Incorrect parameters supplied for the command","timestamp":"2018-11-16T08:52:32.210Z"}
{"level":"info","message":"Rectangle creation failed, no parameters specified","timestamp":"2018-11-16T08:52:32.229Z"}
{"level":"info","message":"Incorrect parameters supplied for the command","timestamp":"2018-11-16T08:52:47.502Z"}
{"level":"info","message":"Incorrect parameters supplied for the command","timestamp":"2018-11-16T08:52:47.541Z"}
{"level":"info","message":"Incorrect parameters supplied for the command","timestamp":"2018-11-16T08:52:47.553Z"}
{"level":"info","message":"Incorrect parameters supplied for the command","timestamp":"2018-11-16T08:52:47.564Z"}
{"level":"info","message":"No paraemeters supplied for this command","timestamp":"2018-11-16T08:52:47.576Z"}
{"level":"info","message":"This software only supports vertical or horizontal lines","timestamp":"2018-11-16T08:52:47.618Z"}
{"level":"info","message":"Incorrect parameters supplied for the command","timestamp":"2018-11-16T08:52:47.653Z"}
{"level":"info","message":"Rectangle creation failed, no parameters specified","timestamp":"2018-11-16T08:52:47.667Z"}
{"level":"info","message":"Incorrect parameters supplied for the command","timestamp":"2018-11-16T08:53:18.404Z"}
{"level":"info","message":"Incorrect parameters supplied for the command","timestamp":"2018-11-16T08:53:18.450Z"}
{"level":"info","message":"Incorrect parameters supplied for the command","timestamp":"2018-11-16T08:53:18.461Z"}
{"level":"info","message":"Incorrect parameters supplied for the command","timestamp":"2018-11-16T08:53:18.474Z"}
{"level":"info","message":"No paraemeters supplied for this command","timestamp":"2018-11-16T08:53:18.484Z"}
{"level":"info","message":"This software only supports vertical or horizontal lines","timestamp":"2018-11-16T08:53:18.529Z"}
{"level":"info","message":"Incorrect parameters supplied for the command","timestamp":"2018-11-16T08:53:18.560Z"}
{"level":"info","message":"Rectangle creation failed, no parameters specified","timestamp":"2018-11-16T08:53:18.576Z"}
{"level":"info","message":"Incorrect parameters supplied for the command","timestamp":"2018-11-16T08:56:08.405Z"}
{"level":"info","message":"Incorrect parameters supplied for the command","timestamp":"2018-11-16T08:56:08.469Z"}
{"level":"info","message":"Incorrect parameters supplied for the command","timestamp":"2018-11-16T08:56:08.484Z"}
{"level":"info","message":"Incorrect parameters supplied for the command","timestamp":"2018-11-16T08:56:08.496Z"}
{"level":"info","message":"No paraemeters supplied for this command","timestamp":"2018-11-16T08:56:08.510Z"}
{"level":"info","message":"This software only supports vertical or horizontal lines","timestamp":"2018-11-16T08:56:08.565Z"}
{"level":"info","message":"Incorrect parameters supplied for the command","timestamp":"2018-11-16T08:56:08.606Z"}
{"level":"info","message":"Rectangle creation failed, no parameters specified","timestamp":"2018-11-16T08:56:08.623Z"}
{"level":"info","message":"Incorrect parameters supplied for the command","timestamp":"2018-11-16T08:56:22.066Z"}
{"level":"info","message":"Incorrect parameters supplied for the command","timestamp":"2018-11-16T08:56:22.124Z"}
{"level":"info","message":"Incorrect parameters supplied for the command","timestamp":"2018-11-16T08:56:22.140Z"}
{"level":"info","message":"Incorrect parameters supplied for the command","timestamp":"2018-11-16T08:56:22.154Z"}
{"level":"info","message":"No paraemeters supplied for this command","timestamp":"2018-11-16T08:56:22.165Z"}
{"level":"info","message":"This software only supports vertical or horizontal lines","timestamp":"2018-11-16T08:56:22.214Z"}
{"level":"info","message":"Incorrect parameters supplied for the command","timestamp":"2018-11-16T08:56:22.251Z"}
{"level":"info","message":"Rectangle creation failed, no parameters specified","timestamp":"2018-11-16T08:56:22.264Z"}
{"level":"info","message":"Incorrect parameters supplied for the command","timestamp":"2018-11-16T08:56:40.935Z"}
{"level":"info","message":"No paraemeters supplied for this command","timestamp":"2018-11-16T08:56:40.956Z"}
{"level":"info","message":"Incorrect parameters supplied for the command","timestamp":"2018-11-16T08:56:40.983Z"}
{"level":"info","message":"Incorrect parameters supplied for the command","timestamp":"2018-11-16T08:56:40.995Z"}
{"level":"info","message":"Incorrect parameters supplied for the command","timestamp":"2018-11-16T08:56:41.006Z"}
{"level":"info","message":"No paraemeters supplied for this command","timestamp":"2018-11-16T08:56:41.019Z"}
{"level":"info","message":"This software only supports vertical or horizontal lines","timestamp":"2018-11-16T08:56:41.063Z"}
{"level":"info","message":"Incorrect parameters supplied for the command","timestamp":"2018-11-16T08:56:41.096Z"}
{"level":"info","message":"Rectangle creation failed, no parameters specified","timestamp":"2018-11-16T08:56:41.109Z"}
{"level":"info","message":"Incorrect parameters supplied for the command","timestamp":"2018-11-16T08:56:51.626Z"}
{"level":"info","message":"No paraemeters supplied for this command","timestamp":"2018-11-16T08:56:51.651Z"}
{"level":"info","message":"Incorrect parameters supplied for the command","timestamp":"2018-11-16T08:56:51.679Z"}
{"level":"info","message":"Incorrect parameters supplied for the command","timestamp":"2018-11-16T08:56:51.691Z"}
{"level":"info","message":"Incorrect parameters supplied for the command","timestamp":"2018-11-16T08:56:51.703Z"}
{"level":"info","message":"No paraemeters supplied for this command","timestamp":"2018-11-16T08:56:51.713Z"}
{"level":"info","message":"This software only supports vertical or horizontal lines","timestamp":"2018-11-16T08:56:51.758Z"}
{"level":"info","message":"Incorrect parameters supplied for the command","timestamp":"2018-11-16T08:56:51.789Z"}
{"level":"info","message":"Rectangle creation failed, no parameters specified","timestamp":"2018-11-16T08:56:51.801Z"}
{"level":"info","message":"Incorrect parameters supplied for the command","timestamp":"2018-11-16T08:57:23.927Z"}
{"level":"info","message":"No paraemeters supplied for this command","timestamp":"2018-11-16T08:57:23.950Z"}
{"level":"info","message":"Incorrect parameters supplied for the command","timestamp":"2018-11-16T08:57:23.973Z"}
{"level":"info","message":"Incorrect parameters supplied for the command","timestamp":"2018-11-16T08:57:23.986Z"}
{"level":"info","message":"Incorrect parameters supplied for the command","timestamp":"2018-11-16T08:57:23.996Z"}
{"level":"info","message":"No paraemeters supplied for this command","timestamp":"2018-11-16T08:57:24.007Z"}
{"level":"info","message":"This software only supports vertical or horizontal lines","timestamp":"2018-11-16T08:57:24.050Z"}
{"level":"info","message":"Incorrect parameters supplied for the command","timestamp":"2018-11-16T08:57:24.080Z"}
{"level":"info","message":"Rectangle creation failed, no parameters specified","timestamp":"2018-11-16T08:57:24.093Z"}
